<?xml version="1.0" encoding="UTF-8"?>
<!-- Generated by org.testng.reporters.JUnitReportReporter -->
<testsuite skipped="0" hostname="MikeAcesse.local" name="SeleniumProject.TestImooc.Login1" tests="1" failures="0" timestamp="26 八月 2017 04:40:55 GMT" time="34.494" errors="0">
  <testcase name="loginPage" time="34.494" classname="SeleniumProject.TestImooc.Login1"/>
</testsuite> <!-- SeleniumProject.TestImooc.Login1 -->
