<?xml version="1.0" encoding="UTF-8"?>
<!-- Generated by org.testng.reporters.JUnitReportReporter -->
<testsuite skipped="0" hostname="MikeAcesse.local" name="SeleniumProject.TestImooc.LoginTest" tests="1" failures="0" timestamp="26 八月 2017 05:23:14 GMT" time="22.882" errors="0">
  <testcase name="loginPage" time="22.882" classname="SeleniumProject.TestImooc.LoginTest"/>
</testsuite> <!-- SeleniumProject.TestImooc.LoginTest -->
